\BOOKMARK [0][-]{chapter.1}{\376\377\000L\000i\000n\000e\000a\000r\000C\000+\000+\000\040\000D\000o\000c\000u\000m\000e\000n\000t\000a\000t\000i\000o\000n}{}
\BOOKMARK [1][-]{section.1.1}{\376\377\000I\000n\000t\000r\000o\000d\000u\000c\000t\000i\000o\000n}{chapter.1}
\BOOKMARK [0][-]{chapter.2}{\376\377\000C\000l\000a\000s\000s\000\040\000I\000n\000d\000e\000x}{}
\BOOKMARK [1][-]{section.2.1}{\376\377\000C\000l\000a\000s\000s\000\040\000H\000i\000e\000r\000a\000r\000c\000h\000y}{chapter.2}
\BOOKMARK [0][-]{chapter.3}{\376\377\000C\000l\000a\000s\000s\000\040\000I\000n\000d\000e\000x}{}
\BOOKMARK [1][-]{section.3.1}{\376\377\000C\000l\000a\000s\000s\000\040\000L\000i\000s\000t}{chapter.3}
\BOOKMARK [0][-]{chapter.4}{\376\377\000F\000i\000l\000e\000\040\000I\000n\000d\000e\000x}{}
\BOOKMARK [1][-]{section.4.1}{\376\377\000F\000i\000l\000e\000\040\000L\000i\000s\000t}{chapter.4}
\BOOKMARK [0][-]{chapter.5}{\376\377\000C\000l\000a\000s\000s\000\040\000D\000o\000c\000u\000m\000e\000n\000t\000a\000t\000i\000o\000n}{}
\BOOKMARK [1][-]{section.5.1}{\376\377\000C\000o\000l\000u\000m\000n\000V\000e\000c\000t\000o\000r\000\040\000C\000l\000a\000s\000s\000\040\000R\000e\000f\000e\000r\000e\000n\000c\000e}{chapter.5}
\BOOKMARK [2][-]{subsection.5.1.1}{\376\377\000D\000e\000t\000a\000i\000l\000e\000d\000\040\000D\000e\000s\000c\000r\000i\000p\000t\000i\000o\000n}{section.5.1}
\BOOKMARK [2][-]{subsection.5.1.2}{\376\377\000C\000o\000n\000s\000t\000r\000u\000c\000t\000o\000r\000\040\000\046\000\040\000D\000e\000s\000t\000r\000u\000c\000t\000o\000r\000\040\000D\000o\000c\000u\000m\000e\000n\000t\000a\000t\000i\000o\000n}{section.5.1}
\BOOKMARK [3][-]{subsubsection.5.1.2.1}{\376\377\000C\000o\000l\000u\000m\000n\000V\000e\000c\000t\000o\000r}{subsection.5.1.2}
\BOOKMARK [3][-]{subsubsection.5.1.2.2}{\376\377\000C\000o\000l\000u\000m\000n\000V\000e\000c\000t\000o\000r}{subsection.5.1.2}
\BOOKMARK [3][-]{subsubsection.5.1.2.3}{\376\377\000C\000o\000l\000u\000m\000n\000V\000e\000c\000t\000o\000r}{subsection.5.1.2}
\BOOKMARK [2][-]{subsection.5.1.3}{\376\377\000M\000e\000m\000b\000e\000r\000\040\000F\000u\000n\000c\000t\000i\000o\000n\000\040\000D\000o\000c\000u\000m\000e\000n\000t\000a\000t\000i\000o\000n}{section.5.1}
\BOOKMARK [3][-]{subsubsection.5.1.3.1}{\376\377\000a\000p\000p\000e\000n\000d\000C\000o\000l}{subsection.5.1.3}
\BOOKMARK [3][-]{subsubsection.5.1.3.2}{\376\377\000l\000e\000n\000g\000t\000h}{subsection.5.1.3}
\BOOKMARK [1][-]{section.5.2}{\376\377\000M\000a\000t\000r\000i\000x\000\040\000C\000l\000a\000s\000s\000\040\000R\000e\000f\000e\000r\000e\000n\000c\000e}{chapter.5}
\BOOKMARK [2][-]{subsection.5.2.1}{\376\377\000D\000e\000t\000a\000i\000l\000e\000d\000\040\000D\000e\000s\000c\000r\000i\000p\000t\000i\000o\000n}{section.5.2}
\BOOKMARK [2][-]{subsection.5.2.2}{\376\377\000C\000o\000n\000s\000t\000r\000u\000c\000t\000o\000r\000\040\000\046\000\040\000D\000e\000s\000t\000r\000u\000c\000t\000o\000r\000\040\000D\000o\000c\000u\000m\000e\000n\000t\000a\000t\000i\000o\000n}{section.5.2}
\BOOKMARK [3][-]{subsubsection.5.2.2.1}{\376\377\000M\000a\000t\000r\000i\000x}{subsection.5.2.2}
\BOOKMARK [3][-]{subsubsection.5.2.2.2}{\376\377\000M\000a\000t\000r\000i\000x}{subsection.5.2.2}
\BOOKMARK [2][-]{subsection.5.2.3}{\376\377\000M\000e\000m\000b\000e\000r\000\040\000F\000u\000n\000c\000t\000i\000o\000n\000\040\000D\000o\000c\000u\000m\000e\000n\000t\000a\000t\000i\000o\000n}{section.5.2}
\BOOKMARK [3][-]{subsubsection.5.2.3.1}{\376\377\000a\000p\000p\000e\000n\000d\000C\000o\000l}{subsection.5.2.3}
\BOOKMARK [3][-]{subsubsection.5.2.3.2}{\376\377\000a\000p\000p\000e\000n\000d\000C\000o\000l}{subsection.5.2.3}
\BOOKMARK [3][-]{subsubsection.5.2.3.3}{\376\377\000a\000p\000p\000e\000n\000d\000C\000o\000l}{subsection.5.2.3}
\BOOKMARK [3][-]{subsubsection.5.2.3.4}{\376\377\000a\000p\000p\000e\000n\000d\000R\000o\000w}{subsection.5.2.3}
\BOOKMARK [3][-]{subsubsection.5.2.3.5}{\376\377\000a\000p\000p\000e\000n\000d\000R\000o\000w}{subsection.5.2.3}
\BOOKMARK [3][-]{subsubsection.5.2.3.6}{\376\377\000a\000p\000p\000e\000n\000d\000R\000o\000w}{subsection.5.2.3}
\BOOKMARK [3][-]{subsubsection.5.2.3.7}{\376\377\000c\000o\000l\000s}{subsection.5.2.3}
\BOOKMARK [3][-]{subsubsection.5.2.3.8}{\376\377\000o\000p\000e\000r\000a\000t\000o\000r\000\050\000\051}{subsection.5.2.3}
\BOOKMARK [3][-]{subsubsection.5.2.3.9}{\376\377\000p\000o\000p\000u\000l\000a\000t\000e\000I\000d\000e\000n\000t\000i\000t\000y}{subsection.5.2.3}
\BOOKMARK [3][-]{subsubsection.5.2.3.10}{\376\377\000p\000o\000p\000u\000l\000a\000t\000e\000R\000a\000n\000d\000o\000m}{subsection.5.2.3}
\BOOKMARK [3][-]{subsubsection.5.2.3.11}{\376\377\000r\000o\000w\000s}{subsection.5.2.3}
\BOOKMARK [3][-]{subsubsection.5.2.3.12}{\376\377\000s\000w\000a\000p\000C\000o\000l\000s}{subsection.5.2.3}
\BOOKMARK [3][-]{subsubsection.5.2.3.13}{\376\377\000s\000w\000a\000p\000R\000o\000w\000s}{subsection.5.2.3}
\BOOKMARK [3][-]{subsubsection.5.2.3.14}{\376\377\000t\000r\000a\000n\000s\000p\000o\000s\000e}{subsection.5.2.3}
\BOOKMARK [2][-]{subsection.5.2.4}{\376\377\000M\000e\000m\000b\000e\000r\000\040\000D\000a\000t\000a\000\040\000D\000o\000c\000u\000m\000e\000n\000t\000a\000t\000i\000o\000n}{section.5.2}
\BOOKMARK [3][-]{subsubsection.5.2.4.1}{\376\377\000d\000a\000t\000a}{subsection.5.2.4}
\BOOKMARK [1][-]{section.5.3}{\376\377\000R\000o\000w\000V\000e\000c\000t\000o\000r\000\040\000C\000l\000a\000s\000s\000\040\000R\000e\000f\000e\000r\000e\000n\000c\000e}{chapter.5}
\BOOKMARK [2][-]{subsection.5.3.1}{\376\377\000D\000e\000t\000a\000i\000l\000e\000d\000\040\000D\000e\000s\000c\000r\000i\000p\000t\000i\000o\000n}{section.5.3}
\BOOKMARK [2][-]{subsection.5.3.2}{\376\377\000C\000o\000n\000s\000t\000r\000u\000c\000t\000o\000r\000\040\000\046\000\040\000D\000e\000s\000t\000r\000u\000c\000t\000o\000r\000\040\000D\000o\000c\000u\000m\000e\000n\000t\000a\000t\000i\000o\000n}{section.5.3}
\BOOKMARK [3][-]{subsubsection.5.3.2.1}{\376\377\000R\000o\000w\000V\000e\000c\000t\000o\000r}{subsection.5.3.2}
\BOOKMARK [3][-]{subsubsection.5.3.2.2}{\376\377\000R\000o\000w\000V\000e\000c\000t\000o\000r}{subsection.5.3.2}
\BOOKMARK [3][-]{subsubsection.5.3.2.3}{\376\377\000R\000o\000w\000V\000e\000c\000t\000o\000r}{subsection.5.3.2}
\BOOKMARK [2][-]{subsection.5.3.3}{\376\377\000M\000e\000m\000b\000e\000r\000\040\000F\000u\000n\000c\000t\000i\000o\000n\000\040\000D\000o\000c\000u\000m\000e\000n\000t\000a\000t\000i\000o\000n}{section.5.3}
\BOOKMARK [3][-]{subsubsection.5.3.3.1}{\376\377\000a\000p\000p\000e\000n\000d\000R\000o\000w}{subsection.5.3.3}
\BOOKMARK [3][-]{subsubsection.5.3.3.2}{\376\377\000l\000e\000n\000g\000t\000h}{subsection.5.3.3}
\BOOKMARK [0][-]{chapter.6}{\376\377\000F\000i\000l\000e\000\040\000D\000o\000c\000u\000m\000e\000n\000t\000a\000t\000i\000o\000n}{}
\BOOKMARK [1][-]{section.6.1}{\376\377\000M\000a\000t\000r\000i\000x\000.\000c\000p\000p\000\040\000F\000i\000l\000e\000\040\000R\000e\000f\000e\000r\000e\000n\000c\000e}{chapter.6}
\BOOKMARK [2][-]{subsection.6.1.1}{\376\377\000F\000u\000n\000c\000t\000i\000o\000n\000\040\000D\000o\000c\000u\000m\000e\000n\000t\000a\000t\000i\000o\000n}{section.6.1}
\BOOKMARK [3][-]{subsubsection.6.1.1.1}{\376\377\000o\000p\000e\000r\000a\000t\000o\000r}{subsection.6.1.1}
\BOOKMARK [3][-]{subsubsection.6.1.1.2}{\376\377\000o\000p\000e\000r\000a\000t\000o\000r}{subsection.6.1.1}
\BOOKMARK [3][-]{subsubsection.6.1.1.3}{\376\377\000o\000p\000e\000r\000a\000t\000o\000r}{subsection.6.1.1}
\BOOKMARK [3][-]{subsubsection.6.1.1.4}{\376\377\000o\000p\000e\000r\000a\000t\000o\000r\000+}{subsection.6.1.1}
\BOOKMARK [3][-]{subsubsection.6.1.1.5}{\376\377\000o\000p\000e\000r\000a\000t\000o\000r\000-}{subsection.6.1.1}
\BOOKMARK [3][-]{subsubsection.6.1.1.6}{\376\377\000o\000p\000e\000r\000a\000t\000o\000r\000<\000<}{subsection.6.1.1}
\BOOKMARK [3][-]{subsubsection.6.1.1.7}{\376\377\000o\000p\000e\000r\000a\000t\000o\000r\000=\000=}{subsection.6.1.1}
\BOOKMARK [1][-]{section.6.2}{\376\377\000M\000a\000t\000r\000i\000x\000.\000h\000\040\000F\000i\000l\000e\000\040\000R\000e\000f\000e\000r\000e\000n\000c\000e}{chapter.6}
\BOOKMARK [2][-]{subsection.6.2.1}{\376\377\000D\000e\000t\000a\000i\000l\000e\000d\000\040\000D\000e\000s\000c\000r\000i\000p\000t\000i\000o\000n}{section.6.2}
\BOOKMARK [2][-]{subsection.6.2.2}{\376\377\000F\000u\000n\000c\000t\000i\000o\000n\000\040\000D\000o\000c\000u\000m\000e\000n\000t\000a\000t\000i\000o\000n}{section.6.2}
\BOOKMARK [3][-]{subsubsection.6.2.2.1}{\376\377\000o\000p\000e\000r\000a\000t\000o\000r}{subsection.6.2.2}
\BOOKMARK [3][-]{subsubsection.6.2.2.2}{\376\377\000o\000p\000e\000r\000a\000t\000o\000r}{subsection.6.2.2}
\BOOKMARK [3][-]{subsubsection.6.2.2.3}{\376\377\000o\000p\000e\000r\000a\000t\000o\000r}{subsection.6.2.2}
\BOOKMARK [3][-]{subsubsection.6.2.2.4}{\376\377\000o\000p\000e\000r\000a\000t\000o\000r\000+}{subsection.6.2.2}
\BOOKMARK [3][-]{subsubsection.6.2.2.5}{\376\377\000o\000p\000e\000r\000a\000t\000o\000r\000-}{subsection.6.2.2}
\BOOKMARK [3][-]{subsubsection.6.2.2.6}{\376\377\000o\000p\000e\000r\000a\000t\000o\000r\000<\000<}{subsection.6.2.2}
\BOOKMARK [3][-]{subsubsection.6.2.2.7}{\376\377\000o\000p\000e\000r\000a\000t\000o\000r\000=\000=}{subsection.6.2.2}
\BOOKMARK [1][-]{section.6.3}{\376\377\000M\000a\000t\000r\000i\000x\000F\000u\000n\000c\000t\000i\000o\000n\000s\000.\000c\000p\000p\000\040\000F\000i\000l\000e\000\040\000R\000e\000f\000e\000r\000e\000n\000c\000e}{chapter.6}
\BOOKMARK [2][-]{subsection.6.3.1}{\376\377\000F\000u\000n\000c\000t\000i\000o\000n\000\040\000D\000o\000c\000u\000m\000e\000n\000t\000a\000t\000i\000o\000n}{section.6.3}
\BOOKMARK [3][-]{subsubsection.6.3.1.1}{\376\377\000f\000i\000n\000d\000N\000o\000n\000Z\000e\000r\000o}{subsection.6.3.1}
\BOOKMARK [3][-]{subsubsection.6.3.1.2}{\376\377\000g\000a\000u\000s\000s\000i\000a\000n\000E\000l\000i\000m\000i\000n\000a\000t\000i\000o\000n}{subsection.6.3.1}
\BOOKMARK [3][-]{subsubsection.6.3.1.3}{\376\377\000g\000a\000u\000s\000s\000J\000o\000r\000d\000a\000n}{subsection.6.3.1}
\BOOKMARK [1][-]{section.6.4}{\376\377\000M\000a\000t\000r\000i\000x\000F\000u\000n\000c\000t\000i\000o\000n\000s\000.\000h\000\040\000F\000i\000l\000e\000\040\000R\000e\000f\000e\000r\000e\000n\000c\000e}{chapter.6}
\BOOKMARK [2][-]{subsection.6.4.1}{\376\377\000D\000e\000t\000a\000i\000l\000e\000d\000\040\000D\000e\000s\000c\000r\000i\000p\000t\000i\000o\000n}{section.6.4}
\BOOKMARK [2][-]{subsection.6.4.2}{\376\377\000F\000u\000n\000c\000t\000i\000o\000n\000\040\000D\000o\000c\000u\000m\000e\000n\000t\000a\000t\000i\000o\000n}{section.6.4}
\BOOKMARK [3][-]{subsubsection.6.4.2.1}{\376\377\000f\000i\000n\000d\000N\000o\000n\000Z\000e\000r\000o}{subsection.6.4.2}
\BOOKMARK [3][-]{subsubsection.6.4.2.2}{\376\377\000g\000a\000u\000s\000s\000i\000a\000n\000E\000l\000i\000m\000i\000n\000a\000t\000i\000o\000n}{subsection.6.4.2}
\BOOKMARK [3][-]{subsubsection.6.4.2.3}{\376\377\000g\000a\000u\000s\000s\000J\000o\000r\000d\000a\000n}{subsection.6.4.2}
\BOOKMARK [1][-]{section.6.5}{\376\377\000t\000e\000s\000t\000.\000c\000p\000p\000\040\000F\000i\000l\000e\000\040\000R\000e\000f\000e\000r\000e\000n\000c\000e}{chapter.6}
\BOOKMARK [2][-]{subsection.6.5.1}{\376\377\000F\000u\000n\000c\000t\000i\000o\000n\000\040\000D\000o\000c\000u\000m\000e\000n\000t\000a\000t\000i\000o\000n}{section.6.5}
\BOOKMARK [3][-]{subsubsection.6.5.1.1}{\376\377\000m\000a\000i\000n}{subsection.6.5.1}
